Bench mbasis, random prime p = 1127812303492329173, bit length = 60
rdim	cdim	order	app-rcmp	app-rupd	int-rcmp	int-rupd
2	1	2	0.00000373	0.00000316	0.00000329	0.00000319
2	1	4	0.00000653	0.00000620	0.00000596	0.00000618
2	1	8	0.00001342	0.00001306	0.00001218	0.00001374
2	1	16	0.00003202	0.00003369	0.00002842	0.00003572
2	1	32	0.00008339	0.00009250	0.00007128	0.00010239
2	1	64	0.00024834	0.00029538	0.00020628	0.00033460
2	1	128	0.00083110	0.00102911	0.00066181	0.00117630
4	1	2	0.00000573	0.00000505	0.00000533	0.00000503
4	1	4	0.00000961	0.00000880	0.00000890	0.00000899
4	1	8	0.00001847	0.00001867	0.00001716	0.00001927
4	1	16	0.00004066	0.00004596	0.00003766	0.00004803
4	1	32	0.00010019	0.00013027	0.00009239	0.00013892
4	1	64	0.00028981	0.00042666	0.00026129	0.00045643
4	1	128	0.00091944	0.00148301	0.00081781	0.00160811
./run.sh: line 3: 23518 Terminated              nohup ./time_mbasis 60 0
Bench mbasis, FFT prime p = 882705526964617217, bit length = 60
rdim	cdim	order	app-rcmp	app-rupd	int-rcmp	int-rupd
2	1	2	0.00000358	0.00000317	0.00000331	0.00000317
2	1	4	0.00000651	0.00000599	0.00000598	0.00000615
2	1	8	0.00001341	0.00001305	0.00001220	0.00001373
2	1	16	0.00003185	0.00003318	0.00002829	0.00003574
./run.sh: line 4: 23520 Terminated              nohup ./time_mbasis 60 1
Bench mbasis, random prime p = 959899090156555501, bit length = 60
rdim	cdim	deg	order	app		int		int-geo
2	1	1	2	0.00000356	0.00000577	0.00000713
2	1	1	4	0.00000662	0.00001132	0.00001105
./run.sh: line 6: 23521 Terminated              nohup ./time_pmbasis 60 0
Bench mbasis, FFT prime p = 882705526964617217, bit length = 60
rdim	cdim	deg	order	app		int		int-geo
2	1	1	2	0.00000365	0.00000583	0.00000668
2	1	1	4	0.00000666	0.00001138	0.00001045
./run.sh: line 7: 23522 Terminated              nohup ./time_pmbasis 60 1
./run.sh: line 4: 25867 Terminated              nohup ./time_mbasis 60 1 > time_mbasis_FFT.dat
nohup: failed to run command ‘./time_pmbasis’: No such file or directory
nohup: failed to run command ‘./time_pmbasis’: No such file or directory
nohup: failed to run command ‘./time_pmbasis’: No such file or directory
0
 20 1 10000 2.93167e-05 4.43498e-05 3.4772e-05(1) 0.00028268 5.61415e-05    2.00117e-05 
 20 2 10000 5.59489e-05 0.000389006 8.73623e-05(1) 0.000442086 0.000107383    5.35773e-05 
 20 3 10000 0.000101378 0.000534551 0.000145831(1) 0.000662892 0.00017428    9.94982e-05 
 20 4 10000 0.000135461 0.000676477 0.000208707(1) 0.000684969 0.000174159    0.000134237 
 20 5 10000 0.000413185 0.000905959 0.000276708(1) 0.00110113 0.000293608    0.000295353 
 20 10 10000 10000 0.00224333 0.00069336(1) 0.00199339 0.000547169    0.000544093 
 20 15 10000 10000 0.00291329 0.00125776(1) 0.00209179 0.000546339    0.000544862 
 20 20 10000 10000 0.00404155 0.00183006(1) 0.0038021 0.00111666    0.00111597 
 20 25 10000 10000 0.00503976 0.00261847(1) 0.0040374 0.0011177    0.00112287 
 20 50 10000 10000 0.00973178 0.00847514(1) 0.00790221 0.00223647    0.00231083 
 20 60 10000 10000 0.0104633 0.0125869(1) 0.00811426 0.00223868    0.00226206 
 20 70 10000 10000 0.0144151 0.0147161(1) 0.0151157 0.0044743    0.00447352 
 20 100 10000 10000 0.0196676 0.0298815(1) 0.0157447 0.0045288    0.0045223 
 20 150 10000 10000 0.0300217 0.0705073(1) 0.0312735 0.00928449    0.00927016 
 20 200 10000 10000 0.0405042 0.130637(1) 0.0324671 0.00949014    0.0100635 
 20 250 10000 10000 0.0445811 0.214858(1) 0.033692 0.00951925    0.00948309 
 20 300 10000 10000 0.0621677 0.327961(1) 0.0639825 0.0193318    0.0191518 
 20 400 10000 10000 0.0840762 10000(0) 0.0690927 0.0195653    0.0194699 
 30 1 10000 6.11374e-05 9.19682e-05 8.14336e-05(1) 0.000635156 0.000150786    4.70556e-05 
 30 2 10000 0.000135235 0.000882542 0.000212511(1) 0.00110906 0.000298764    0.000132433 
 30 3 10000 0.000265707 0.00121359 0.00035477(1) 0.00168566 0.000503918    0.000246802 
 30 4 10000 0.000346701 0.0015519 0.000506828(1) 0.00174324 0.000483794    0.000337742 
 30 5 10000 0.00110943 0.00205584 0.000664962(1) 0.00288249 0.000826484    0.000829565 
 30 10 10000 10000 0.0051689 0.00163439(1) 0.00533118 0.00154026    0.00154127 
 30 15 10000 10000 0.00680483 0.00282951(1) 0.00546744 0.00154461    0.00154524 
 30 20 10000 10000 0.00953611 0.00403293(1) 0.0104935 0.00318951    0.00319719 
 30 25 10000 10000 0.0118799 0.0057217(1) 0.0110631 0.0032162    0.00326811 
 30 50 10000 10000 0.0233467 0.0176945(1) 0.0218096 0.00635861    0.00634751 
 30 60 10000 10000 0.0239248 0.0239097(1) 0.0221885 0.00637389    0.00636242 
 30 70 10000 10000 0.0334611 0.0300135(1) 0.0431941 0.0132184    0.0131044 
 30 100 10000 10000 0.0467193 0.0594526(1) 0.0439268 0.0129601    0.0128796 
 30 150 10000 10000 0.0701484 0.130851(1) 0.0868786 0.0265576    0.0262212 
 30 200 10000 10000 0.0943535 0.235012(1) 0.0896927 0.0266718    0.0266876 
 30 250 10000 10000 0.102565 0.372444(1) 0.0919666 0.0267281    0.0261944 
 30 300 10000 10000 0.143943 0.544427(1) 0.179257 0.0548093    0.0544907 
 30 400 10000 10000 0.197631 10000(0) 0.194521 0.0557733    0.0549986 
 50 1 10000 0.000196586 0.000266945 0.000243013(1) 0.00131049 0.000292836    0.000148225 
 50 2 10000 0.000439932 0.0024878 0.000638739(1) 0.00278231 0.000756194    0.000409745 
 50 3 10000 0.00084774 0.00390486 0.00107774(1) 0.00467117 0.00136924    0.000758247 
 50 4 10000 0.00111603 0.0047437 0.00153356(1) 0.00481859 0.00137308    0.00105073 
 50 5 10000 0.00343094 0.00614715 0.00201252(1) 0.00850687 0.00246588    0.00246775 
 50 10 10000 10000 0.0155835 0.00490197(1) 0.0173396 0.00500841    0.00498032 
 50 15 10000 10000 0.0195592 0.00835284(1) 0.0176765 0.00500107    0.00496317 
 50 20 10000 10000 0.0266478 0.0118245(1) 0.0332588 0.0100572    0.00977863 
 50 25 10000 10000 0.0333325 0.0162037(1) 0.0339845 0.0101381    0.00989402 
 50 50 10000 10000 0.0643382 0.0462461(1) 0.0695685 0.021519    0.0216634 
 50 60 10000 10000 0.0708526 0.0644305(1) 0.0709306 0.0207145    0.0207646 
 50 70 10000 10000 0.0958332 0.0817717(1) 0.143142 0.0426937    0.0419067 
 50 100 10000 10000 0.130075 0.155098(1) 0.146502 0.0427654    0.0428155 
 50 150 10000 10000 0.204539 0.333293(1) 0.303799 0.0926911    0.0919297 
 50 200 10000 10000 0.273382 0.572143(1) 0.310937 0.0936186    0.0932761 
 50 250 10000 10000 0.304238 0.881678(1) 0.317911 0.0930693    0.0929074 
 50 300 10000 10000 0.421627 1.2767(1) 0.656266 0.20229    0.202079 
 50 400 10000 10000 0.566899 10000(0) 0.688286 0.214708    0.209492 
 100 1 10000 0.00122571 0.00133551 0.00136712(1) 0.00639714 0.00144015    0.000840029 
 100 2 10000 0.00270899 0.0106686 0.00345405(1) 0.0147752 0.004018    0.00238991 
 100 3 10000 0.00517012 0.0164119 0.00566079(1) 0.0258203 0.00748892    0.00462731 
 100 4 10000 0.00673948 0.0203953 0.00848682(1) 0.0272323 0.00752109    0.00661115 
 100 5 10000 0.0205664 0.0272228 0.0104974(1) 0.0484706 0.0141872    0.0140186 
 100 10 10000 10000 0.0631748 0.0246627(1) 0.0956644 0.0286445    0.0286099 
 100 15 10000 10000 0.0853354 0.0426131(1) 0.0983272 0.028768    0.0288649 
 100 20 10000 10000 0.116753 0.0595152(1) 0.193399 0.0590654    0.0592083 
 100 25 10000 10000 0.151471 0.0824164(1) 0.198158 0.0584931    0.0586857 
 100 50 10000 10000 0.29405 0.216272(1) 0.390339 0.118094    0.11834 
 100 60 10000 10000 0.319565 0.295684(1) 0.395945 0.119025    0.117973 
 100 70 10000 10000 0.428566 0.367632(1) 0.777656 0.245971    0.24684 
 100 100 10000 10000 0.584904 0.66436(1) 0.799863 0.245181    0.243208 
 100 150 10000 10000 0.897794 1.35914(1) 1.65516 0.522106    0.521 
 100 200 10000 10000 1.21102 2.26087(1) 1.66567 0.504956    0.506063 
 100 250 10000 10000 1.34913 3.44744(1) 1.70788 0.516101    0.516768 
 100 300 10000 10000 1.85022 4.80702(1) 3.52354 1.1167    1.11607 
 100 400 10000 10000 2.49699 10000(0) 3.65369 1.13628    1.13362 
 150 1 10000 0.0035054 0.00377427 0.003926(1) 0.0166449 0.00414575    0.0028021 
 150 2 10000 0.00821016 0.0262261 0.0101163(1) 0.0415801 0.011975    0.00756749 
 150 3 10000 0.016937 0.0410719 0.016776(1) 0.0750881 0.0228918    0.0148914 
 150 4 10000 0.0216221 0.0515471 0.0233344(1) 0.0763939 0.0227819    0.0211384 
 150 5 10000 0.063522 0.0723009 0.0304456(1) 0.141867 0.0438155    0.0440497 
 150 10 10000 10000 0.156518 0.0727765(1) 0.287353 0.0903194    0.0922263 
 150 15 10000 10000 0.210741 0.11949(1) 0.299154 0.0907748    0.0905702 
 150 20 10000 10000 0.300332 0.165371(1) 0.573878 0.178603    0.178033 
 150 25 10000 10000 0.375996 0.219814(1) 0.582713 0.1842    0.179361 
 150 50 10000 10000 0.730346 0.547415(1) 1.15658 0.35891    0.359258 
 150 60 10000 10000 0.802331 0.731621(1) 1.17658 0.363074    0.363368 
 150 70 10000 10000 1.05762 0.913864(1) 2.29366 0.727316    0.727335 
 150 100 10000 10000 1.45924 1.6322(1) 2.33332 0.731643    0.730899 
 150 150 10000 10000 2.22009 3.2652(1) 4.75271 1.49571    1.49592 
 150 200 10000 10000 3.00709 5.32724(1) 4.79811 1.50042    1.50218 
 150 250 10000 10000 3.3632 7.96533(1) 4.8931 1.49115    1.48906 
 150 300 10000 10000 4.56952 11.0109(1) 9.95595 3.21229    3.21442 
 150 400 10000 10000 6.15193 10000(0) 10.3837 3.27536    3.2588 
 200 1 10000 0.00854457 0.0109587 0.00918365(1) 0.0379413 0.00833978    0.0064663 
 200 2 10000 0.017853 0.0502057 0.0216597(1) 0.0879215 0.0260585    0.016779 
 200 3 10000 0.0347398 0.0776011 0.035143(1) 0.163853 0.0479778    0.0327833 
 200 4 10000 0.0481427 0.100285 0.048842(1) 0.163911 0.0489642    0.0477244 
 200 5 10000 0.139963 0.135703 0.0659561(1) 0.309739 0.0946275    0.0961034 
 200 10 10000 10000 0.298977 0.145202(1) 0.620709 0.192816    0.194099 
 200 15 10000 10000 0.411256 0.247855(1) 0.641187 0.195797    0.196408 
 200 20 10000 10000 0.571488 0.340045(1) 1.23567 0.389921    0.385311 
 200 25 10000 10000 0.722975 0.450648(1) 1.24343 0.38137    0.380269 
 200 50 10000 10000 1.40135 1.08836(1) 2.46738 0.781284    0.780284 
 200 60 10000 10000 1.54681 1.42596(1) 2.50951 0.78102    0.784408 
 200 70 10000 10000 2.04913 1.77988(1) 4.96174 1.59846    1.59585 
 200 100 10000 10000 2.83243 3.07026(1) 4.94336 1.5595    1.55709 
 200 150 10000 10000 4.3008 6.09775(1) 10.2322 3.31763    3.31153 
 200 200 10000 10000 5.77737 9.89976(1) 10.2982 3.23822    3.23728 
 200 250 10000 10000 6.57834 14.7022(1) 10.4425 3.25219    3.25712 
 200 300 10000 10000 8.85039 19.9768(1) 21.0696 6.67917    6.6764 
 200 400 10000 10000 11.8823 10000(0) 21.4358 6.88694    6.90095 
 300 1 10000 0.0245336 0.0264396 0.0240409(1) 0.10043 0.0241209    0.0202426 
 300 2 10000 0.0596165 0.133205 0.0679092(1) 0.272247 0.0789796    0.05424 
 300 3 10000 0.116983 0.20586 0.105071(1) 0.509261 0.156999    0.10583 
 300 4 10000 0.157768 0.266156 0.152371(1) 0.513673 0.152741    0.155803 
 300 5 10000 0.462111 0.358476 0.196246(1) 0.979123 0.306018    0.308819 
 300 10 10000 10000 0.787698 0.441986(1) 1.968 0.624796    0.622626 
 300 15 10000 10000 1.09098 0.722934(1) 1.97428 0.617178    0.617444 
 300 20 10000 10000 1.51636 0.972253(1) 3.87397 1.22122    1.21994 
 300 25 10000 10000 1.90879 1.27276(1) 3.86401 1.22989    1.22595 
 300 50 10000 10000 3.69377 2.95475(1) 7.6331 2.44508    2.447 
 300 60 10000 10000 4.20779 3.84647(1) 7.75256 2.48036    2.47904 
 300 70 10000 10000 5.39407 4.69231(1) 15.545 5.07672    5.05395 
 300 100 10000 10000 7.36943 7.99069(1) 15.5379 5.01267    5.01478 
 300 150 10000 10000 11.2605 15.1426(1) 31.3498 10.1575    10.1545 
 300 200 10000 10000 15.3107 24.1672(1) 31.6656 10.3099    10.2987 
 300 250 10000 10000 17.6923 35.5769(1) 31.6042 10.0784    10.0734 
 300 300 10000 10000 23.2562 48.7375(1) 65.7124 21.0947    21.111 
 300 400 10000 10000 31.219 10000(0) 67.8486 21.9382    21.9976 
288230376151711813
 20 1 10000 2.52003e-05 4.12036e-05 3.4086e-05(1) 0.000231747 10000    1.85129e-05 
 20 2 10000 5.38065e-05 0.000393006 8.63932e-05(1) 0.000402445 10000    5.32884e-05 
 20 3 10000 0.000103852 0.000554128 0.000144287(1) 0.000617872 10000    9.93142e-05 
 20 4 10000 0.000133534 0.000676411 0.000210608(1) 0.000642108 10000    0.000134433 
 20 5 10000 0.000413427 0.000907497 0.000275503(1) 0.00102955 10000    0.000392539 
 20 10 10000 10000 0.0019847 0.000689746(1) 0.00187252 10000    0.00068648 
 20 15 10000 10000 0.00319192 0.00121292(1) 0.00196638 10000    0.001221 
 20 20 10000 10000 0.00469809 0.00179272(1) 0.00365563 10000    0.00178829 
 20 25 10000 10000 0.00650023 0.00256171(1) 0.00389551 10000    0.00255237 
 20 50 10000 10000 0.0170199 0.00846936(1) 0.00764977 10000    0.00846687 
 20 60 10000 10000 0.0247293 0.0122603(1) 0.00781969 10000    0.0122191 
 20 70 10000 10000 0.0352319 0.0168056(1) 0.0148428 10000    0.0148636 
 20 100 10000 10000 0.0477884 0.0308681(1) 0.0155173 10000    0.0155401 
 20 150 10000 10000 0.0737841 0.0719309(1) 0.0305727 10000    0.0304904 
 20 200 10000 10000 0.0993201 0.136499(1) 0.0319628 10000    0.0319561 
 20 250 10000 10000 0.104704 0.222643(1) 0.0333038 10000    0.0328754 
 20 300 10000 10000 0.153679 0.342926(1) 0.0632879 10000    0.0630659 
 20 400 10000 10000 0.208184 10000(0) 0.0657065 10000    0.069461 
 30 1 10000 6.01144e-05 9.23138e-05 7.93021e-05(1) 0.000567286 10000    4.59555e-05 
 30 2 10000 0.000133153 0.000887902 0.00020936(1) 0.00103672 10000    0.000131751 
 30 3 10000 0.000266486 0.00124447 0.000349458(1) 0.00162145 10000    0.000248047 
 30 4 10000 0.000342379 0.00157149 0.00050628(1) 0.00169211 10000    0.000340002 
 30 5 10000 0.00109295 0.0020758 0.000660904(1) 0.00278273 10000    0.00096851 
 30 10 10000 10000 0.00448368 0.00162443(1) 0.00516177 10000    0.00161285 
 30 15 10000 10000 0.00740504 0.00279641(1) 0.00534276 10000    0.00276395 
 30 20 10000 10000 0.0107436 0.00411329(1) 0.0102021 10000    0.00405085 
 30 25 10000 10000 0.0149947 0.00571649(1) 0.0107424 10000    0.00573716 
 30 50 10000 10000 0.0388745 0.0174482(1) 0.0211353 10000    0.0171352 
 30 60 10000 10000 0.0567372 0.0242556(1) 0.0215642 10000    0.0241512 
 30 70 10000 10000 0.0794797 0.0325223(1) 0.0412976 10000    0.0306822 
 30 100 10000 10000 0.108069 0.0607871(1) 0.0429926 10000    0.0428758 
 30 150 10000 10000 0.167714 0.13672(1) 0.0853633 10000    0.0849118 
 30 200 10000 10000 0.225536 0.247409(1) 0.088093 10000    0.0889928 
 30 250 10000 10000 0.23874 0.389431(1) 0.0903607 10000    0.0904997 
 30 300 10000 10000 0.34908 0.56504(1) 0.176183 10000    0.183211 
 30 400 10000 10000 0.473849 10000(0) 0.182279 10000    0.182278 
 50 1 10000 0.000205212 0.000269505 0.000272694(1) 0.0011669 10000    0.000157709 
 50 2 10000 0.000449646 0.00248357 0.000651425(1) 0.0026197 10000    0.000433945 
 50 3 10000 0.000880486 0.00359162 0.00110058(1) 0.00456177 10000    0.000909283 
 50 4 10000 0.00130885 0.0045956 0.00161643(1) 0.00466576 10000    0.00112166 
 50 5 10000 0.0035302 0.00616741 0.00203536(1) 0.00823315 10000    0.00314251 
 50 10 10000 10000 0.0130802 0.00495974(1) 0.016377 10000    0.0047627 
 50 15 10000 10000 0.0211504 0.00825948(1) 0.0171982 10000    0.00838261 
 50 20 10000 10000 0.0309346 0.0118793(1) 0.0318568 10000    0.0119324 
 50 25 10000 10000 0.0419914 0.0165068(1) 0.0330901 10000    0.0165592 
 50 50 10000 10000 0.109776 0.0489682(1) 0.0683088 10000    0.0478247 
 50 60 10000 10000 0.157256 0.066208(1) 0.0688769 10000    0.066213 
 50 70 10000 10000 0.226312 0.0859876(1) 0.135881 10000    0.085718 
 50 100 10000 10000 0.305203 0.161297(1) 0.14149 10000    0.161257 
 50 150 10000 10000 0.47552 0.350478(1) 0.295917 10000    0.34712 
 50 200 10000 10000 0.646767 0.608975(1) 0.303674 10000    0.301886 
 50 250 10000 10000 0.689135 0.92667(1) 0.31075 10000    0.306579 
 50 300 10000 10000 1.00223 1.33315(1) 0.643147 10000    0.638104 
 50 400 10000 10000 1.35185 10000(0) 0.662426 10000    0.650155 
 100 1 10000 0.00126649 0.00136975 0.00138705(1) 0.00546113 10000    0.00089423 
 100 2 10000 0.00282058 0.0107943 0.00353144(1) 0.0137006 10000    0.00250089 
 100 3 10000 0.0054785 0.0165093 0.0057459(1) 0.0244575 10000    0.00491278 
 100 4 10000 0.00717295 0.0207039 0.00916796(1) 0.0254119 10000    0.00694583 
 100 5 10000 0.0211497 0.0271415 0.010816(1) 0.0465928 10000    0.0201329 
 100 10 10000 10000 0.0579492 0.0254735(1) 0.0929642 10000    0.025352 
 100 15 10000 10000 0.093145 0.0445177(1) 0.0960922 10000    0.0435485 
 100 20 10000 10000 0.133692 0.0605959(1) 0.188388 10000    0.0603573 
 100 25 10000 10000 0.184093 0.0824286(1) 0.192377 10000    0.082668 
 100 50 10000 10000 0.472859 0.218091(1) 0.38068 10000    0.221265 
 100 60 10000 10000 0.679645 0.299663(1) 0.389781 10000    0.296959 
 100 70 10000 10000 0.953819 0.381662(1) 0.760126 10000    0.373777 
 100 100 10000 10000 1.3041 0.691466(1) 0.791325 10000    0.68523 
 100 150 10000 10000 2.00162 1.41197(1) 1.62509 10000    1.41967 
 100 200 10000 10000 2.70698 2.4216(1) 1.6397 10000    2.38881 
 100 250 10000 10000 2.91204 3.62412(1) 1.67806 10000    1.68337 
 100 300 10000 10000 4.19153 5.06804(1) 3.50848 10000    3.50692 
 100 400 10000 10000 5.68854 10000(0) 3.62525 10000    3.62544 
 150 1 10000 0.0035831 0.00383148 0.00404285(1) 0.0147024 10000    0.00311096 
 150 2 10000 0.00843542 0.0265823 0.0103125(1) 0.0397259 10000    0.0081255 
 150 3 10000 0.0164371 0.0411983 0.0170175(1) 0.0776024 10000    0.015454 
 150 4 10000 0.0225015 0.0518963 0.0240641(1) 0.0744877 10000    0.0222664 
 150 5 10000 0.0659469 0.0705511 0.0309723(1) 0.141422 10000    0.0639155 
 150 10 10000 10000 0.143421 0.0722243(1) 0.282644 10000    0.0714068 
 150 15 10000 10000 0.232232 0.122076(1) 0.288249 10000    0.12431 
 150 20 10000 10000 0.331262 0.170547(1) 0.570803 10000    0.168093 
 150 25 10000 10000 0.462104 0.228656(1) 0.571933 10000    0.222937 
 150 50 10000 10000 1.15413 0.575121(1) 1.14757 10000    0.565531 
 150 60 10000 10000 1.60889 0.749012(1) 1.15203 10000    0.744359 
 150 70 10000 10000 2.24276 0.944357(1) 2.27672 10000    0.954163 
 150 100 10000 10000 3.08604 1.69294(1) 2.30696 10000    1.67935 
 150 150 10000 10000 4.73332 3.37321(1) 4.72997 10000    3.33826 
 150 200 10000 10000 6.38543 5.62206(1) 4.71172 10000    5.64513 
 150 250 10000 10000 6.89473 8.3034(1) 4.79377 10000    4.79696 
 150 300 10000 10000 9.85207 11.6088(1) 9.93494 10000    9.94474 
 150 400 10000 10000 13.3219 10000(0) 10.1963 10000    10.185 
 200 1 10000 0.00845271 0.00910976 0.0086955(1) 0.0324872 10000    0.00680004 
 200 2 10000 0.0186666 0.0519574 0.0221563(1) 0.086309 10000    0.0194348 
 200 3 10000 0.0365819 0.0792741 0.0359384(1) 0.15825 10000    0.0342979 
 200 4 10000 0.0504014 0.102812 0.0507437(1) 0.158721 10000    0.0500575 
 200 5 10000 0.146559 0.138769 0.0674472(1) 0.306102 10000    0.144617 
 200 10 10000 10000 0.281008 0.152017(1) 0.620112 10000    0.151256 
 200 15 10000 10000 0.457473 0.257735(1) 0.629226 10000    0.247875 
 200 20 10000 10000 0.64923 0.347529(1) 1.22079 10000    0.345607 
 200 25 10000 10000 0.878766 0.460645(1) 1.22755 10000    0.458156 
 200 50 10000 10000 2.16886 1.12275(1) 2.45498 10000    1.11945 
 200 60 10000 10000 3.03283 1.49702(1) 2.48162 10000    1.46115 
 200 70 10000 10000 4.14712 1.85267(1) 4.88815 10000    1.83593 
 200 100 10000 10000 5.73073 3.25765(1) 4.92597 10000    3.21083 
 200 150 10000 10000 8.8786 6.35249(1) 10.0168 10000    6.23184 
 200 200 10000 10000 11.8419 10.5012(1) 10.2074 10000    10.3375 
 200 250 10000 10000 12.891 15.4538(1) 10.2595 10000    15.2554 
 200 300 10000 10000 18.2697 21.2738(1) 20.885 10000    20.8712 
 200 400 10000 10000 24.6441 10000(0) 21.1837 10000    21.2312 
 300 1 10000 0.0252824 0.0273499 0.0253377(1) 0.0899027 10000    0.0211647 
 300 2 10000 0.0605263 0.133603 0.0670738(1) 0.255367 10000    0.0576996 
 300 3 10000 0.121086 0.210681 0.113401(1) 0.503873 10000    0.110435 
 300 4 10000 0.172054 0.274626 0.157965(1) 0.499154 10000    0.162684 
 300 5 10000 0.486356 0.363181 0.200872(1) 0.956751 10000    0.462304 
 300 10 10000 10000 0.745268 0.456334(1) 1.94183 10000    0.444579 
 300 15 10000 10000 1.20049 0.740329(1) 1.98792 10000    0.723463 
 300 20 10000 10000 1.67509 1.00951(1) 3.82587 10000    0.993654 
 300 25 10000 10000 2.25857 1.30922(1) 3.83761 10000    1.29215 
 300 50 10000 10000 5.41861 3.09992(1) 7.67713 10000    3.04723 
 300 60 10000 10000 7.56512 4.0325(1) 7.59752 10000    3.9627 
 300 70 10000 10000 10.1959 5.01084(1) 15.4265 10000    4.92948 
 300 100 10000 10000 13.994 8.40571(1) 15.4567 10000    8.26043 
 300 150 10000 10000 21.4494 15.977(1) 31.6735 10000    15.7967 
 300 200 10000 10000 28.9735 25.8518(1) 31.7879 10000    25.3884 
 300 250 10000 10000 31.9472 37.7026(1) 31.9531 10000    37.3712 
 300 300 10000 10000 44.6258 51.1096(1) 65.5173 10000    65.4722 
 300 400 10000 10000 60.5539 10000(0) 67.2422 10000    67.2252 
23068673
 20 1 10000 2.12519e-05 3.65248e-05 2.5404e-05(1) 6.03878e-05 10000    1.47682e-05 
 20 2 10000 4.26511e-05 0.000379751 5.95663e-05(1) 0.000112878 10000    4.1572e-05 
 20 3 10000 7.81138e-05 0.000507736 9.71154e-05(1) 0.000181374 10000    7.5236e-05 
 20 4 10000 9.98374e-05 0.0006147 0.000137911(1) 0.000183615 10000    9.88054e-05 
 20 5 10000 0.000314934 0.000772202 0.000181611(1) 0.000308685 10000    0.000295778 
 20 10 10000 10000 0.00157394 0.000441938(1) 0.000573431 10000    0.000434228 
 20 15 10000 10000 0.00228292 0.000750392(1) 0.000588052 10000    0.000744459 
 20 20 10000 10000 0.00320412 0.00103854(1) 0.00117169 10000    0.00101131 
 20 25 10000 10000 0.00422061 0.00144766(1) 0.0011755 10000    0.00145978 
 20 50 10000 10000 0.0105101 0.00395922(1) 0.00235186 10000    0.00235298 
 20 60 10000 10000 0.0125598 0.00562998(1) 0.00237996 10000    0.00237596 
 20 70 10000 10000 0.0174956 0.00721595(1) 0.00463469 10000    0.00463451 
 20 100 10000 10000 0.0342144 0.0143589(1) 0.0101238 10000    0.0101449 
 20 150 10000 10000 0.0530985 0.0335185(1) 0.0201324 10000    0.0200455 
 20 200 10000 10000 0.0706454 0.0607526(1) 0.0209207 10000    0.0207361 
 20 250 10000 10000 0.0746678 0.100603(1) 0.0215695 10000    0.0214163 
 20 300 10000 10000 0.110553 0.169249(1) 0.0533983 10000    0.0415301 
 20 400 10000 10000 0.17782 10000(0) 0.043247 10000    0.043114 
 30 1 10000 5.03779e-05 7.99285e-05 5.69981e-05(1) 0.000154949 10000    3.53279e-05 
 30 2 10000 0.00010045 0.000852222 0.000141847(1) 0.000304011 10000    9.81284e-05 
 30 3 10000 0.000186959 0.0011959 0.000229696(1) 0.000489155 10000    0.000176942 
 30 4 10000 0.000237207 0.00139538 0.000324533(1) 0.00049288 10000    0.000235273 
 30 5 10000 0.000764548 0.00176426 0.000426577(1) 0.000851767 10000    0.000695673 
 30 10 10000 10000 0.0035946 0.00103354(1) 0.00160197 10000    0.00100818 
 30 15 10000 10000 0.00528152 0.00173544(1) 0.00163034 10000    0.00170909 
 30 20 10000 10000 0.00742129 0.00235586(1) 0.0033153 10000    0.00228481 
 30 25 10000 10000 0.00962687 0.0032479(1) 0.00334738 10000    0.00319581 
 30 50 10000 10000 0.0234592 0.00836705(1) 0.006598 10000    0.00659734 
 30 60 10000 10000 0.0285982 0.0116056(1) 0.0141822 10000    0.0141703 
 30 70 10000 10000 0.0400186 0.0149875(1) 0.0275149 10000    0.0274298 
 30 100 10000 10000 0.0786214 0.0285022(1) 0.0282584 10000    0.0288826 
 30 150 10000 10000 0.119889 0.0624409(1) 0.0562476 10000    0.0562172 
 30 200 10000 10000 0.159315 0.111339(1) 0.0576667 10000    0.0578791 
 30 250 10000 10000 0.169526 0.180549(1) 0.0594167 10000    0.0591958 
 30 300 10000 10000 0.245972 0.260395(1) 0.116314 10000    0.118203 
 30 400 10000 10000 0.333408 10000(0) 0.11975 10000    0.122056 
 50 1 10000 0.000148018 0.000216707 0.00016005(1) 0.000303375 10000    0.000100136 
 50 2 10000 0.000287603 0.00235153 0.000394597(1) 0.000777898 10000    0.000262211 
 50 3 10000 0.000573104 0.00351387 0.000643775(1) 0.00138967 10000    0.00047406 
 50 4 10000 0.000653086 0.00395938 0.000905816(1) 0.00138227 10000    0.000622466 
 50 5 10000 0.00226218 0.00521104 0.00122453(1) 0.00254303 10000    0.00189474 
 50 10 10000 10000 0.0100819 0.00285681(1) 0.00519213 10000    0.00280375 
 50 15 10000 10000 0.0147033 0.00478291(1) 0.00523804 10000    0.00471635 
 50 20 10000 10000 0.0206237 0.00637917(1) 0.0102585 10000    0.006308 
 50 25 10000 10000 0.0269768 0.00890816(1) 0.010457 10000    0.00887178 
 50 50 10000 10000 0.0648587 0.0228968(1) 0.0446637 10000    0.0228431 
 50 60 10000 10000 0.0835835 0.0315869(1) 0.0454928 10000    0.0314164 
 50 70 10000 10000 0.111814 0.0397785(1) 0.089345 10000    0.0396346 
 50 100 10000 10000 0.216298 0.0741831(1) 0.0922418 10000    0.0736226 
 50 150 10000 10000 0.335473 0.159749(1) 0.197785 10000    0.158039 
 50 200 10000 10000 0.452014 0.269582(1) 0.200495 10000    0.268867 
 50 250 10000 10000 0.488005 0.434866(1) 0.208118 10000    0.202119 
 50 300 10000 10000 0.704317 0.610572(1) 0.427909 10000    0.422123 
 50 400 10000 10000 0.948172 10000(0) 0.437414 10000    0.432131 
 100 1 10000 0.00076208 0.000972086 0.000804696(1) 0.00147931 10000    0.000496023 
 100 2 10000 0.00168135 0.00970299 0.00202842(1) 0.00408633 10000    0.00135868 
 100 3 10000 0.00323462 0.014156 0.0032214(1) 0.00752479 10000    0.00252049 
 100 4 10000 0.00370364 0.0173923 0.00452598(1) 0.00754194 10000    0.00358019 
 100 5 10000 0.0132668 0.0223085 0.00605723(1) 0.0146573 10000    0.0105349 
 100 10 10000 10000 0.0427468 0.0140651(1) 0.0301359 10000    0.0142625 
 100 15 10000 10000 0.0615463 0.0249621(1) 0.0298778 10000    0.0238228 
 100 20 10000 10000 0.0881316 0.0330533(1) 0.128876 10000    0.0316923 
 100 25 10000 10000 0.113489 0.0438691(1) 0.125926 10000    0.0435834 
 100 50 10000 10000 0.275584 0.108395(1) 0.257603 10000    0.105348 
 100 60 10000 10000 0.355657 0.145096(1) 0.257196 10000    0.143806 
 100 70 10000 10000 0.478702 0.179279(1) 0.509754 10000    0.175051 
 100 100 10000 10000 0.900529 0.323037(1) 0.523932 10000    0.311616 
 100 150 10000 10000 1.38629 0.647885(1) 1.08477 10000    0.64097 
 100 200 10000 10000 1.88085 1.07117(1) 1.09596 10000    1.06561 
 100 250 10000 10000 2.02131 1.67767(1) 1.09744 10000    1.09217 
 100 300 10000 10000 2.89883 2.31713(1) 2.32969 10000    2.30786 
 100 400 10000 10000 3.92103 10000(0) 2.4114 10000    2.4138 
 150 1 10000 0.00232802 0.00260368 0.0025201(1) 0.00417168 10000    0.00161462 
 150 2 10000 0.00477027 0.0228664 0.00576955(1) 0.0121647 10000    0.00419847 
 150 3 10000 0.00905321 0.0347965 0.0101528(1) 0.0231409 10000    0.0079494 
 150 4 10000 0.0114314 0.0416503 0.0130447(1) 0.023379 10000    0.0110483 
 150 5 10000 0.0352362 0.0562208 0.0169177(1) 0.0446959 10000    0.0329905 
 150 10 10000 10000 0.101092 0.0408517(1) 0.0915413 10000    0.0393172 
 150 15 10000 10000 0.148279 0.066077(1) 0.193871 10000    0.0666341 
 150 20 10000 10000 0.21892 0.0886722(1) 0.379051 10000    0.0879124 
 150 25 10000 10000 0.282286 0.121383(1) 0.377841 10000    0.117962 
 150 50 10000 10000 0.671539 0.275793(1) 0.76081 10000    0.269508 
 150 60 10000 10000 0.82214 0.367892(1) 0.763566 10000    0.359987 
 150 70 10000 10000 1.11663 0.448513(1) 1.51013 10000    0.439296 
 150 100 10000 10000 2.11274 0.793785(1) 1.51093 10000    0.763949 
 150 150 10000 10000 3.25086 1.55975(1) 3.13021 10000    1.52538 
 150 200 10000 10000 4.36301 2.52992(1) 3.135 10000    2.48609 
 150 250 10000 10000 4.70057 3.89129(1) 3.16443 10000    3.84124 
 150 300 10000 10000 6.71842 5.34075(1) 6.55777 10000    6.55724 
 150 400 10000 10000 9.05775 10000(0) 6.79044 10000    6.78194 
 200 1 10000 0.00563221 0.00626623 0.00536638(1) 0.00903817 10000    0.00389407 
 200 2 10000 0.0120098 0.0433526 0.01228(1) 0.0268972 10000    0.00911826 
 200 3 10000 0.0191994 0.063132 0.0197915(1) 0.0492324 10000    0.0171378 
 200 4 10000 0.0247702 0.0770558 0.0265269(1) 0.0499036 10000    0.0242614 
 200 5 10000 0.0827575 0.104956 0.0344054(1) 0.0968707 10000    0.0724809 
 200 10 10000 10000 0.193823 0.0829517(1) 0.405918 10000    0.0797997 
 200 15 10000 10000 0.288214 0.138899(1) 0.416962 10000    0.132668 
 200 20 10000 10000 0.405761 0.180954(1) 0.806741 10000    0.175729 
 200 25 10000 10000 0.524422 0.240252(1) 0.801367 10000    0.2342 
 200 50 10000 10000 1.23158 0.538144(1) 1.61345 10000    0.52727 
 200 60 10000 10000 1.5304 0.715118(1) 1.61811 10000    0.690501 
 200 70 10000 10000 2.07641 0.87818(1) 3.27752 10000    0.845292 
 200 100 10000 10000 3.862 1.4898(1) 3.27773 10000    1.44812 
 200 150 10000 10000 5.94326 2.90584(1) 6.74098 10000    2.84613 
 200 200 10000 10000 8.01375 4.69071(1) 6.81424 10000    4.581 
 200 250 10000 10000 8.66507 7.11933(1) 6.83638 10000    7.01732 
 200 300 10000 10000 12.3193 9.81015(1) 13.9796 10000    14.0072 
 200 400 10000 10000 16.5553 10000(0) 14.1229 10000    14.1201 
 300 1 10000 0.0160365 0.0177871 0.0145971(1) 0.0261848 10000    0.0117179 
 300 2 10000 0.0306135 0.104619 0.0351282(1) 0.0807979 10000    0.0278719 
 300 3 10000 0.0580861 0.156983 0.0569301(1) 0.157331 10000    0.0532466 
 300 4 10000 0.079195 0.198749 0.0771735(1) 0.154946 10000    0.0783529 
 300 5 10000 0.239104 0.260825 0.0999201(1) 0.307077 10000    0.222369 
 300 10 10000 10000 0.491537 0.234968(1) 1.30076 10000    0.226752 
 300 15 10000 10000 0.724554 0.380532(1) 1.30423 10000    0.373649 
 300 20 10000 10000 1.02049 0.498917(1) 2.57336 10000    0.496295 
 300 25 10000 10000 1.31368 0.671847(1) 2.54734 10000    0.642331 
 300 50 10000 10000 3.05016 1.46539(1) 5.01066 10000    1.4207 
 300 60 10000 10000 3.75063 1.89403(1) 5.03942 10000    1.84331 
 300 70 10000 10000 5.02527 2.31482(1) 10.2884 10000    2.24315 
 300 100 10000 10000 9.21155 3.81763(1) 10.1889 10000    3.71717 
 300 150 10000 10000 14.1923 7.22892(1) 20.9964 10000    7.08665 
 300 200 10000 10000 19.0411 11.4219(1) 20.9554 10000    11.2629 
 300 250 10000 10000 20.8155 17.1723(1) 21.2605 10000    16.9216 
 300 300 10000 10000 29.4301 23.3284(1) 43.5566 10000    43.551 
 300 400 10000 10000 39.9852 10000(0) 44.6143 10000    44.555 
Bench pmbasis, random prime p = 742392847101500423, bit length = 60
Note: negative timings for interpolant variants indicate that not enough interpolation points could be found in the base field.
rdim	cdim	deg	order	app		int		int-geo
32	1	2047	2048	0.47991387	1.62178069	1.29955749	0.06422236
Bench pmbasis, random prime p = 660239302794859681, bit length = 60
Note: negative timings for interpolant variants indicate that not enough interpolation points could be found in the base field.
rdim	cdim	deg	order	app		int		int-geo
32	1	4095	4096	1.04787110	4.07420776	3.28277189	0.18563499
Bench pmbasis, random prime p = 999406551414962879, bit length = 60
Note: negative timings for interpolant variants indicate that not enough interpolation points could be found in the base field.
rdim	cdim	deg	order	app		int		int-geo
32	1	8911	8912	4.38933539	12.58098568	8.15801592	0.60541284
Bench pmbasis, random prime p = 815010069530505389, bit length = 60
Note: negative timings for interpolant variants indicate that not enough interpolation points could be found in the base field.
rdim	cdim	deg	order	app		int		int-geo
run_generic.sh: line 4: 14687 Terminated              ./time_pmbasis 60 0 32 1 17821 17824
Bench pmbasis, random prime p = 761900743171420781, bit length = 60
Note: negative timings for interpolant variants indicate that not enough interpolation points could be found in the base field.
rdim	cdim	deg	order	app		int		int-geo
16	1	8911	8912	1.22298395	4.49886588	2.21230129	0.36782104
Bench pmbasis, random prime p = 709671934543069339, bit length = 60
Note: negative timings for interpolant variants indicate that not enough interpolation points could be found in the base field.
rdim	cdim	deg	order	app		int		int-geo
16	1	8911	8912	1.22609180	4.50146620	2.23047243	0.36694890
Bench pmbasis, random prime p = 653331587319872789, bit length = 60
Note: negative timings for interpolant variants indicate that not enough interpolation points could be found in the base field.
rdim	cdim	deg	order	app		int		int-geo
16	1	8911	8912	1.23949925	4.50532531	2.23526480	0.36810278
Bench pmbasis, random prime p = 601620540850462477, bit length = 60
Note: negative timings for interpolant variants indicate that not enough interpolation points could be found in the base field.
rdim	cdim	deg	order	app		int		int-geo
32	1	2047	2048	0.46731443	1.62050428	1.29623078	0.06405783
Bench pmbasis, random prime p = 863593538185040947, bit length = 60
Note: negative timings for interpolant variants indicate that not enough interpolation points could be found in the base field.
rdim	cdim	deg	order	app		int		int-geo
run_generic.sh: line 5: 14772 Terminated              ./time_pmbasis 60 0 32 1 4095 4096
Bench pmbasis, random prime p = 794331859335627139, bit length = 60
Note: negative timings for interpolant variants indicate that not enough interpolation points could be found in the base field.
rdim	cdim	deg	order	app		int		int-geo
run_generic.sh: line 6: 14774 Terminated              ./time_pmbasis 60 0 64 1 2047 2048
Bench pmbasis, random prime p = 754882330654045211, bit length = 60
Note: negative timings for interpolant variants indicate that not enough interpolation points could be found in the base field.
rdim	cdim	deg	order	app		int		int-geo
run_generic.sh: line 7: 14777 Terminated              ./time_pmbasis 60 0 64 1 4095 4096
Bench pmbasis, random prime p = 593983811310929671, bit length = 60
Note: negative timings for interpolant variants indicate that not enough interpolation points could be found in the base field.
rdim	cdim	deg	order	app		int		int-geo
16	1	2047	2048	0.15600094	0.53403555	0.34979871	0.05356133
Bench pmbasis, random prime p = 857858014893617557, bit length = 60
Note: negative timings for interpolant variants indicate that not enough interpolation points could be found in the base field.
rdim	cdim	deg	order	app		int		int-geo
16	1	4095	4096	0.35865469	1.38549720	0.89197375	0.14371304
Bench pmbasis, random prime p = 886854600250822351, bit length = 60
Note: negative timings for interpolant variants indicate that not enough interpolation points could be found in the base field.
rdim	cdim	deg	order	app		int		int-geo
16	1	8911	8912	1.24375181	4.49848598	2.20892829	0.37254837
Bench pmbasis, random prime p = 1121373925686980473, bit length = 60
Note: negative timings for interpolant variants indicate that not enough interpolation points could be found in the base field.
rdim	cdim	deg	order	app		int		int-geo
32	1	2047	2048	0.47210638	1.61976346	1.29256911	0.06340653
Bench pmbasis, random prime p = 663928047634549739, bit length = 60
Note: negative timings for interpolant variants indicate that not enough interpolation points could be found in the base field.
rdim	cdim	deg	order	app		int		int-geo
32	1	4095	4096	1.04595573	4.06931938	3.27605485	0.18557799
Bench pmbasis, random prime p = 1095399092078588123, bit length = 60
Note: negative timings for interpolant variants indicate that not enough interpolation points could be found in the base field.
rdim	cdim	deg	order	app		int		int-geo
64	1	2047	2048	2.27720453	5.41407029	5.20694931	0.14128657
Bench pmbasis, random prime p = 871894662657523699, bit length = 60
Note: negative timings for interpolant variants indicate that not enough interpolation points could be found in the base field.
rdim	cdim	deg	order	app		int		int-geo
64	1	4095	4096	4.91835947	13.40441032	13.04250419	0.36794977
Bench pmbasis, random prime p = 1085377050790075867, bit length = 60
Note: negative timings for interpolant variants indicate that not enough interpolation points could be found in the base field.
rdim	cdim	deg	order	app		int		int-geo
16	1	4095	4096	0.36191359	1.39605148	0.89230462	0.14457034
Bench pmbasis, random prime p = 671287173052442621, bit length = 60
Note: negative timings for interpolant variants indicate that not enough interpolation points could be found in the base field.
rdim	cdim	deg	order	app		int		int-geo
32	1	4095	4096	1.05044108	4.12815616	3.31062193	0.19084948
Bench pmbasis, random prime p = 694845744755142817, bit length = 60
Note: negative timings for interpolant variants indicate that not enough interpolation points could be found in the base field.
rdim	cdim	deg	order	app		int		int-geo
64	1	2047	2048	2.28651573	5.48941196	5.22046367	0.14361616
Bench pmbasis, random prime p = 937308473914131653, bit length = 60
Note: negative timings for interpolant variants indicate that not enough interpolation points could be found in the base field.
rdim	cdim	deg	order	app		int		int-geo
128	1	2047	2048	11.44005510	20.81377516	23.22975480	0.36329928
Bench pmbasis, random prime p = 948269325420052367, bit length = 60
Note: negative timings for interpolant variants indicate that not enough interpolation points could be found in the base field.
rdim	cdim	deg	order	app		int		int-geo
256	1	1023	1024	36.62028217	38.64815716	41.55253596	0.20659788
Bench mbasis, random prime p = 655812499896656639, bit length = 60
sz	degmat	degvec	via series 1	via series 2	via series 3	via series 4	via series 5	via app-kernel
